Using pre-set license
Built from '2021.1/staging' branch; Version is '2021.1.2f1 (e5d502d80fbb) revision 15062274'; Using compiler version '192528614'; Build Type 'Release'
OS: 'Windows 10 Pro; OS build 19041.867; Version 2004; 64bit' Language: 'fr' Physical Memory: 16227 MB
BatchMode: 1, IsHumanControllingUs: 0, StartBugReporterOnCrash: 0, Is64bit: 1, IsPro: 0

 COMMAND LINE ARGUMENTS:
C:\Program Files\Unity\2021.1.2f1\Editor\Unity.exe
-adb2
-batchMode
-noUpm
-name
AssetImportWorker0
-projectPath
C:/Users/ianpo/Documents/GitHub/ShaderPlanet
-logFile
Logs/AssetImportWorker0.log
-srvPort
61862
Successfully changed project path to: C:/Users/ianpo/Documents/GitHub/ShaderPlanet
C:/Users/ianpo/Documents/GitHub/ShaderPlanet
Using Asset Import Pipeline V2.
Refreshing native plugins compatible for Editor in 108.18 ms, found 1 plugins.
Preloading 0 native plugins for Editor in 0.00 ms.
Initialize engine version: 2021.1.2f1 (e5d502d80fbb)
[Subsystems] Discovering subsystems at path C:/Program Files/Unity/2021.1.2f1/Editor/Data/Resources/UnitySubsystems
[Subsystems] Discovering subsystems at path C:/Users/ianpo/Documents/GitHub/ShaderPlanet/Assets
GfxDevice: creating device client; threaded=0; jobified=0
Direct3D:
    Version:  Direct3D 11.0 [level 11.1]
    Renderer: NVIDIA GeForce RTX 2070 (ID=0x1f10)
    Vendor:   NVIDIA
    VRAM:     8031 MB
    Driver:   27.21.14.6589
Initialize mono
Mono path[0] = 'C:/Program Files/Unity/2021.1.2f1/Editor/Data/Managed'
Mono path[1] = 'C:/Program Files/Unity/2021.1.2f1/Editor/Data/MonoBleedingEdge/lib/mono/unityjit'
Mono config path = 'C:/Program Files/Unity/2021.1.2f1/Editor/Data/MonoBleedingEdge/etc'
Using monoOptions --debugger-agent=transport=dt_socket,embedding=1,server=y,suspend=n,address=127.0.0.1:56568
Begin MonoManager ReloadAssembly
Registering precompiled unity dll's ...
Register platform support module: C:/Program Files/Unity/2021.1.2f1/Editor/Data/PlaybackEngines/WindowsStandaloneSupport/UnityEditor.WindowsStandalone.Extensions.dll
Registered in 0.002181 seconds.
Native extension for WindowsStandalone target not found
Refreshing native plugins compatible for Editor in 77.39 ms, found 1 plugins.
Preloading 0 native plugins for Editor in 0.00 ms.
Mono: successfully reloaded assembly
- Completed reload, in  3.340 seconds
Platform modules already initialized, skipping
Registering precompiled user dll's ...
Registered in 0.011508 seconds.
Begin MonoManager ReloadAssembly
Native extension for WindowsStandalone target not found
Refreshing native plugins compatible for Editor in 0.57 ms, found 1 plugins.
Preloading 0 native plugins for Editor in 0.00 ms.
Mono: successfully reloaded assembly
- Completed reload, in  2.000 seconds
Platform modules already initialized, skipping
========================================================================
Worker process is ready to serve import requests
Launched and connected shader compiler UnityShaderCompiler.exe after 0.09 seconds
Refreshing native plugins compatible for Editor in 1.09 ms, found 1 plugins.
Preloading 0 native plugins for Editor in 0.00 ms.
Unloading 2687 Unused Serialized files (Serialized files now loaded: 0)
System memory in use before: 109.1 MB.
System memory in use after: 109.3 MB.

Unloading 25 unused Assets to reduce memory usage. Loaded Objects now: 3185.
Total: 19.415400 ms (FindLiveObjects: 0.211000 ms CreateObjectMapping: 0.135200 ms MarkObjects: 18.991000 ms  DeleteObjects: 0.076500 ms)

========================================================================
Received Import Request.
  path: Assets/Data/Shaders/Planet.shader
  artifactKey: Guid(c3aaa23fe9676424e8720c83822a8923) Importer(815301076,1909f56bfc062723c751e8b465ee728b)
Start importing Assets/Data/Shaders/Planet.shader using Guid(c3aaa23fe9676424e8720c83822a8923) Importer(815301076,1909f56bfc062723c751e8b465ee728b)  -> (artifact id: '716d910c7ef98e7a70f67c5f11ca7261') in 0.051465 seconds 
========================================================================
Received Import Request.
  Time since last request: 63.636678 seconds.
  path: Assets/Data/Shaders/Planet.shader
  artifactKey: Guid(c3aaa23fe9676424e8720c83822a8923) Importer(815301076,1909f56bfc062723c751e8b465ee728b)
Start importing Assets/Data/Shaders/Planet.shader using Guid(c3aaa23fe9676424e8720c83822a8923) Importer(815301076,1909f56bfc062723c751e8b465ee728b)  -> (artifact id: '59d0091a7bffe3033b619ceb810501f9') in 0.002692 seconds 
========================================================================
Received Import Request.
  Time since last request: 5.259745 seconds.
  path: Assets/Data/Shaders/Planet.shader
  artifactKey: Guid(c3aaa23fe9676424e8720c83822a8923) Importer(815301076,1909f56bfc062723c751e8b465ee728b)
Start importing Assets/Data/Shaders/Planet.shader using Guid(c3aaa23fe9676424e8720c83822a8923) Importer(815301076,1909f56bfc062723c751e8b465ee728b)  -> (artifact id: '160e3250d2e5ad39aea85dc1207b35d8') in 0.002165 seconds 
========================================================================
Received Import Request.
  Time since last request: 24.243339 seconds.
  path: Assets/Data/Shaders/Planet.shader
  artifactKey: Guid(c3aaa23fe9676424e8720c83822a8923) Importer(815301076,1909f56bfc062723c751e8b465ee728b)
Start importing Assets/Data/Shaders/Planet.shader using Guid(c3aaa23fe9676424e8720c83822a8923) Importer(815301076,1909f56bfc062723c751e8b465ee728b)  -> (artifact id: '0c8e69abc3a0587972c197ef005aa69c') in 0.002295 seconds 
========================================================================
Received Import Request.
  Time since last request: 14.865687 seconds.
  path: Assets/Data/Shaders/Planet.shader
  artifactKey: Guid(c3aaa23fe9676424e8720c83822a8923) Importer(815301076,1909f56bfc062723c751e8b465ee728b)
Start importing Assets/Data/Shaders/Planet.shader using Guid(c3aaa23fe9676424e8720c83822a8923) Importer(815301076,1909f56bfc062723c751e8b465ee728b)  -> (artifact id: 'b9dc775bed158e3360cb2441e1ca212f') in 0.002246 seconds 
========================================================================
Received Import Request.
  Time since last request: 19.710987 seconds.
  path: Assets/Data/Shaders/Planet.shader
  artifactKey: Guid(c3aaa23fe9676424e8720c83822a8923) Importer(815301076,1909f56bfc062723c751e8b465ee728b)
Start importing Assets/Data/Shaders/Planet.shader using Guid(c3aaa23fe9676424e8720c83822a8923) Importer(815301076,1909f56bfc062723c751e8b465ee728b)  -> (artifact id: '7f50052887d84c22969be274481346e8') in 0.001999 seconds 
========================================================================
Received Prepare
Registering precompiled user dll's ...
Registered in 0.015480 seconds.
Begin MonoManager ReloadAssembly
Native extension for WindowsStandalone target not found
Refreshing native plugins compatible for Editor in 1.33 ms, found 1 plugins.
Preloading 0 native plugins for Editor in 0.00 ms.
Mono: successfully reloaded assembly
- Completed reload, in  2.455 seconds
Platform modules already initialized, skipping
Refreshing native plugins compatible for Editor in 0.86 ms, found 1 plugins.
Preloading 0 native plugins for Editor in 0.00 ms.
Unloading 2681 Unused Serialized files (Serialized files now loaded: 0)
System memory in use before: 123.2 MB.
System memory in use after: 123.4 MB.

Unloading 20 unused Assets to reduce memory usage. Loaded Objects now: 3188.
Total: 31.732400 ms (FindLiveObjects: 2.435800 ms CreateObjectMapping: 0.278600 ms MarkObjects: 26.331500 ms  DeleteObjects: 2.682200 ms)

========================================================================
Received Prepare
Registering precompiled user dll's ...
Registered in 0.008587 seconds.
Begin MonoManager ReloadAssembly
Native extension for WindowsStandalone target not found
Refreshing native plugins compatible for Editor in 0.72 ms, found 1 plugins.
Preloading 0 native plugins for Editor in 0.00 ms.
Mono: successfully reloaded assembly
- Completed reload, in  2.372 seconds
Platform modules already initialized, skipping
Refreshing native plugins compatible for Editor in 1.03 ms, found 1 plugins.
Preloading 0 native plugins for Editor in 0.00 ms.
Unloading 2681 Unused Serialized files (Serialized files now loaded: 0)
System memory in use before: 113.5 MB.
System memory in use after: 113.7 MB.

Unloading 20 unused Assets to reduce memory usage. Loaded Objects now: 3191.
Total: 24.538100 ms (FindLiveObjects: 0.393600 ms CreateObjectMapping: 0.206100 ms MarkObjects: 23.866300 ms  DeleteObjects: 0.069700 ms)

========================================================================
Received Import Request.
  Time since last request: 3891.179507 seconds.
  path: Assets/Data/Shaders/Planet.shader
  artifactKey: Guid(c3aaa23fe9676424e8720c83822a8923) Importer(815301076,1909f56bfc062723c751e8b465ee728b)
Start importing Assets/Data/Shaders/Planet.shader using Guid(c3aaa23fe9676424e8720c83822a8923) Importer(815301076,1909f56bfc062723c751e8b465ee728b)  -> (artifact id: 'd9cacc9f8e3c99674ebf22c28649f883') in 0.020319 seconds 
========================================================================
Received Prepare
Refreshing native plugins compatible for Editor in 5.52 ms, found 1 plugins.
Preloading 0 native plugins for Editor in 0.00 ms.
Unloading 18 Unused Serialized files (Serialized files now loaded: 0)
System memory in use before: 46.5 MB.
System memory in use after: 46.7 MB.

Unloading 18 unused Assets to reduce memory usage. Loaded Objects now: 3191.
Total: 30.404900 ms (FindLiveObjects: 0.232100 ms CreateObjectMapping: 0.148600 ms MarkObjects: 29.960300 ms  DeleteObjects: 0.062000 ms)

AssetImportWorkerClient::OnTransportError - code=2 error=End of file
